{"name":"hexo","hostname":"SONGLIAO-MB0","pid":81411,"level":20,"msg":"Hexo version: \u001b[35m3.2.2\u001b[39m","time":"2017-04-03T02:45:35.248Z","v":0}
{"name":"hexo","hostname":"SONGLIAO-MB0","pid":81411,"level":20,"msg":"Working directory: \u001b[35m~/Documents/work/git/squirrel20.github.io/\u001b[39m","time":"2017-04-03T02:45:35.249Z","v":0}
{"name":"hexo","hostname":"SONGLIAO-MB0","pid":81411,"level":20,"msg":"Config loaded: \u001b[35m~/Documents/work/git/squirrel20.github.io/_config.yml\u001b[39m","time":"2017-04-03T02:45:35.328Z","v":0}
{"name":"hexo","hostname":"SONGLIAO-MB0","pid":81411,"level":20,"msg":"Plugin loaded: \u001b[35mhexo-deployer-git\u001b[39m","time":"2017-04-03T02:45:35.341Z","v":0}
{"name":"hexo","hostname":"SONGLIAO-MB0","pid":81411,"level":20,"msg":"Plugin loaded: \u001b[35mhexo-generator-category\u001b[39m","time":"2017-04-03T02:45:35.343Z","v":0}
{"name":"hexo","hostname":"SONGLIAO-MB0","pid":81411,"level":20,"msg":"Plugin loaded: \u001b[35mhexo-generator-archive\u001b[39m","time":"2017-04-03T02:45:35.344Z","v":0}
{"name":"hexo","hostname":"SONGLIAO-MB0","pid":81411,"level":20,"msg":"Plugin loaded: \u001b[35mhexo-generator-index\u001b[39m","time":"2017-04-03T02:45:35.346Z","v":0}
{"name":"hexo","hostname":"SONGLIAO-MB0","pid":81411,"level":20,"msg":"Plugin loaded: \u001b[35mhexo-generator-tag\u001b[39m","time":"2017-04-03T02:45:35.347Z","v":0}
{"name":"hexo","hostname":"SONGLIAO-MB0","pid":81411,"level":20,"msg":"Plugin loaded: \u001b[35mhexo-renderer-ejs\u001b[39m","time":"2017-04-03T02:45:35.349Z","v":0}
{"name":"hexo","hostname":"SONGLIAO-MB0","pid":81411,"level":20,"msg":"Plugin loaded: \u001b[35mhexo-renderer-stylus\u001b[39m","time":"2017-04-03T02:45:35.350Z","v":0}
{"name":"hexo","hostname":"SONGLIAO-MB0","pid":81411,"level":20,"msg":"Plugin loaded: \u001b[35mhexo-renderer-marked\u001b[39m","time":"2017-04-03T02:45:35.355Z","v":0}
{"name":"hexo","hostname":"SONGLIAO-MB0","pid":81411,"level":20,"msg":"Plugin loaded: \u001b[35mhexo-server\u001b[39m","time":"2017-04-03T02:45:35.408Z","v":0}
{"name":"hexo","hostname":"SONGLIAO-MB0","pid":81411,"level":20,"msg":"Script loaded: \u001b[35mthemes/NexT/scripts/merge-configs.js\u001b[39m","time":"2017-04-03T02:45:35.412Z","v":0}
{"name":"hexo","hostname":"SONGLIAO-MB0","pid":81411,"level":20,"msg":"Script loaded: \u001b[35mthemes/NexT/scripts/tags/button.js\u001b[39m","time":"2017-04-03T02:45:35.412Z","v":0}
{"name":"hexo","hostname":"SONGLIAO-MB0","pid":81411,"level":20,"msg":"Script loaded: \u001b[35mthemes/NexT/scripts/merge.js\u001b[39m","time":"2017-04-03T02:45:35.415Z","v":0}
{"name":"hexo","hostname":"SONGLIAO-MB0","pid":81411,"level":20,"msg":"Script loaded: \u001b[35mthemes/NexT/scripts/tags/center-quote.js\u001b[39m","time":"2017-04-03T02:45:35.416Z","v":0}
{"name":"hexo","hostname":"SONGLIAO-MB0","pid":81411,"level":20,"msg":"Script loaded: \u001b[35mthemes/NexT/scripts/tags/exturl.js\u001b[39m","time":"2017-04-03T02:45:35.416Z","v":0}
{"name":"hexo","hostname":"SONGLIAO-MB0","pid":81411,"level":20,"msg":"Script loaded: \u001b[35mthemes/NexT/scripts/tags/full-image.js\u001b[39m","time":"2017-04-03T02:45:35.416Z","v":0}
{"name":"hexo","hostname":"SONGLIAO-MB0","pid":81411,"level":20,"msg":"Script loaded: \u001b[35mthemes/NexT/scripts/tags/note.js\u001b[39m","time":"2017-04-03T02:45:35.416Z","v":0}
{"name":"hexo","hostname":"SONGLIAO-MB0","pid":81411,"level":20,"msg":"Script loaded: \u001b[35mthemes/NexT/scripts/tags/group-pictures.js\u001b[39m","time":"2017-04-03T02:45:35.417Z","v":0}
{"name":"hexo","hostname":"SONGLIAO-MB0","pid":81411,"level":20,"msg":"Loading database.","time":"2017-04-03T02:45:35.427Z","v":0}
{"name":"hexo","hostname":"SONGLIAO-MB0","pid":81411,"level":30,"msg":"Start processing","time":"2017-04-03T02:45:35.472Z","v":0}
{"name":"hexo","hostname":"SONGLIAO-MB0","pid":81411,"level":20,"msg":"Processed: \u001b[35m_posts/hello-world.md\u001b[39m","time":"2017-04-03T02:45:35.593Z","v":0}
{"name":"hexo","hostname":"SONGLIAO-MB0","pid":81411,"level":20,"msg":"Processed: \u001b[35m_posts/test.md\u001b[39m","time":"2017-04-03T02:45:35.594Z","v":0}
{"name":"hexo","hostname":"SONGLIAO-MB0","pid":81411,"level":20,"msg":"Theme config loaded.","time":"2017-04-03T02:45:35.629Z","v":0}
{"name":"hexo","hostname":"SONGLIAO-MB0","pid":81411,"level":20,"msg":"Processed: \u001b[35m_config.yml\u001b[39m","time":"2017-04-03T02:45:35.629Z","v":0}
{"name":"hexo","hostname":"SONGLIAO-MB0","pid":81411,"level":20,"msg":"Processed: \u001b[35msource/css/main.styl\u001b[39m","time":"2017-04-03T02:45:35.636Z","v":0}
{"name":"hexo","hostname":"SONGLIAO-MB0","pid":81411,"level":20,"msg":"Processed: \u001b[35msource/images/algolia_logo.svg\u001b[39m","time":"2017-04-03T02:45:35.637Z","v":0}
{"name":"hexo","hostname":"SONGLIAO-MB0","pid":81411,"level":20,"msg":"Processed: \u001b[35msource/images/avatar.gif\u001b[39m","time":"2017-04-03T02:45:35.638Z","v":0}
{"name":"hexo","hostname":"SONGLIAO-MB0","pid":81411,"level":20,"msg":"Processed: \u001b[35msource/images/cc-by-nc-nd.svg\u001b[39m","time":"2017-04-03T02:45:35.638Z","v":0}
{"name":"hexo","hostname":"SONGLIAO-MB0","pid":81411,"level":20,"msg":"Processed: \u001b[35msource/images/cc-by-nc-sa.svg\u001b[39m","time":"2017-04-03T02:45:35.639Z","v":0}
{"name":"hexo","hostname":"SONGLIAO-MB0","pid":81411,"level":20,"msg":"Processed: \u001b[35msource/images/cc-by-nc.svg\u001b[39m","time":"2017-04-03T02:45:35.641Z","v":0}
{"name":"hexo","hostname":"SONGLIAO-MB0","pid":81411,"level":20,"msg":"Processed: \u001b[35msource/images/cc-by-nd.svg\u001b[39m","time":"2017-04-03T02:45:35.641Z","v":0}
{"name":"hexo","hostname":"SONGLIAO-MB0","pid":81411,"level":20,"msg":"Processed: \u001b[35msource/images/cc-by-sa.svg\u001b[39m","time":"2017-04-03T02:45:35.642Z","v":0}
{"name":"hexo","hostname":"SONGLIAO-MB0","pid":81411,"level":20,"msg":"Processed: \u001b[35msource/images/cc-by.svg\u001b[39m","time":"2017-04-03T02:45:35.642Z","v":0}
{"name":"hexo","hostname":"SONGLIAO-MB0","pid":81411,"level":20,"msg":"Processed: \u001b[35msource/images/loading.gif\u001b[39m","time":"2017-04-03T02:45:35.642Z","v":0}
{"name":"hexo","hostname":"SONGLIAO-MB0","pid":81411,"level":20,"msg":"Processed: \u001b[35msource/images/cc-zero.svg\u001b[39m","time":"2017-04-03T02:45:35.642Z","v":0}
{"name":"hexo","hostname":"SONGLIAO-MB0","pid":81411,"level":20,"msg":"Processed: \u001b[35msource/images/placeholder.gif\u001b[39m","time":"2017-04-03T02:45:35.642Z","v":0}
{"name":"hexo","hostname":"SONGLIAO-MB0","pid":81411,"level":20,"msg":"Processed: \u001b[35msource/images/quote-l.svg\u001b[39m","time":"2017-04-03T02:45:35.643Z","v":0}
{"name":"hexo","hostname":"SONGLIAO-MB0","pid":81411,"level":20,"msg":"Processed: \u001b[35msource/images/quote-r.svg\u001b[39m","time":"2017-04-03T02:45:35.643Z","v":0}
{"name":"hexo","hostname":"SONGLIAO-MB0","pid":81411,"level":20,"msg":"Processed: \u001b[35msource/images/searchicon.png\u001b[39m","time":"2017-04-03T02:45:35.643Z","v":0}
{"name":"hexo","hostname":"SONGLIAO-MB0","pid":81411,"level":20,"msg":"Processed: \u001b[35mlayout/_layout.swig\u001b[39m","time":"2017-04-03T02:45:35.828Z","v":0}
{"name":"hexo","hostname":"SONGLIAO-MB0","pid":81411,"level":20,"msg":"Processed: \u001b[35mlayout/archive.swig\u001b[39m","time":"2017-04-03T02:45:35.828Z","v":0}
{"name":"hexo","hostname":"SONGLIAO-MB0","pid":81411,"level":20,"msg":"Processed: \u001b[35mlayout/category.swig\u001b[39m","time":"2017-04-03T02:45:35.829Z","v":0}
{"name":"hexo","hostname":"SONGLIAO-MB0","pid":81411,"level":20,"msg":"Processed: \u001b[35mlayout/index.swig\u001b[39m","time":"2017-04-03T02:45:35.829Z","v":0}
{"name":"hexo","hostname":"SONGLIAO-MB0","pid":81411,"level":20,"msg":"Processed: \u001b[35mlayout/page.swig\u001b[39m","time":"2017-04-03T02:45:35.829Z","v":0}
{"name":"hexo","hostname":"SONGLIAO-MB0","pid":81411,"level":20,"msg":"Processed: \u001b[35mlayout/post.swig\u001b[39m","time":"2017-04-03T02:45:35.829Z","v":0}
{"name":"hexo","hostname":"SONGLIAO-MB0","pid":81411,"level":20,"msg":"Processed: \u001b[35mlayout/tag.swig\u001b[39m","time":"2017-04-03T02:45:35.829Z","v":0}
{"name":"hexo","hostname":"SONGLIAO-MB0","pid":81411,"level":20,"msg":"Processed: \u001b[35mlayout/schedule.swig\u001b[39m","time":"2017-04-03T02:45:35.829Z","v":0}
{"name":"hexo","hostname":"SONGLIAO-MB0","pid":81411,"level":20,"msg":"Processed: \u001b[35mlanguages/de.yml\u001b[39m","time":"2017-04-03T02:45:35.831Z","v":0}
{"name":"hexo","hostname":"SONGLIAO-MB0","pid":81411,"level":20,"msg":"Processed: \u001b[35mlanguages/en.yml\u001b[39m","time":"2017-04-03T02:45:35.831Z","v":0}
{"name":"hexo","hostname":"SONGLIAO-MB0","pid":81411,"level":20,"msg":"Processed: \u001b[35mlanguages/default.yml\u001b[39m","time":"2017-04-03T02:45:35.831Z","v":0}
{"name":"hexo","hostname":"SONGLIAO-MB0","pid":81411,"level":20,"msg":"Processed: \u001b[35mlanguages/fr-FR.yml\u001b[39m","time":"2017-04-03T02:45:35.831Z","v":0}
{"name":"hexo","hostname":"SONGLIAO-MB0","pid":81411,"level":20,"msg":"Processed: \u001b[35mlanguages/id.yml\u001b[39m","time":"2017-04-03T02:45:35.831Z","v":0}
{"name":"hexo","hostname":"SONGLIAO-MB0","pid":81411,"level":20,"msg":"Processed: \u001b[35mlanguages/ko.yml\u001b[39m","time":"2017-04-03T02:45:35.831Z","v":0}
{"name":"hexo","hostname":"SONGLIAO-MB0","pid":81411,"level":20,"msg":"Processed: \u001b[35mlanguages/ja.yml\u001b[39m","time":"2017-04-03T02:45:35.831Z","v":0}
{"name":"hexo","hostname":"SONGLIAO-MB0","pid":81411,"level":20,"msg":"Processed: \u001b[35mlanguages/pt-BR.yml\u001b[39m","time":"2017-04-03T02:45:35.831Z","v":0}
{"name":"hexo","hostname":"SONGLIAO-MB0","pid":81411,"level":20,"msg":"Processed: \u001b[35mlanguages/pt.yml\u001b[39m","time":"2017-04-03T02:45:35.831Z","v":0}
{"name":"hexo","hostname":"SONGLIAO-MB0","pid":81411,"level":20,"msg":"Processed: \u001b[35mlanguages/zh-Hans.yml\u001b[39m","time":"2017-04-03T02:45:35.831Z","v":0}
{"name":"hexo","hostname":"SONGLIAO-MB0","pid":81411,"level":20,"msg":"Processed: \u001b[35mlanguages/ru.yml\u001b[39m","time":"2017-04-03T02:45:35.831Z","v":0}
{"name":"hexo","hostname":"SONGLIAO-MB0","pid":81411,"level":20,"msg":"Processed: \u001b[35mlanguages/zh-hk.yml\u001b[39m","time":"2017-04-03T02:45:35.831Z","v":0}
{"name":"hexo","hostname":"SONGLIAO-MB0","pid":81411,"level":20,"msg":"Processed: \u001b[35mlanguages/zh-tw.yml\u001b[39m","time":"2017-04-03T02:45:35.831Z","v":0}
{"name":"hexo","hostname":"SONGLIAO-MB0","pid":81411,"level":20,"msg":"Processed: \u001b[35msource/lib/algolia-instant-search/instantsearch.min.css\u001b[39m","time":"2017-04-03T02:45:35.838Z","v":0}
{"name":"hexo","hostname":"SONGLIAO-MB0","pid":81411,"level":20,"msg":"Processed: \u001b[35msource/lib/canvas-nest/canvas-nest.min.js\u001b[39m","time":"2017-04-03T02:45:35.839Z","v":0}
{"name":"hexo","hostname":"SONGLIAO-MB0","pid":81411,"level":20,"msg":"Processed: \u001b[35msource/lib/fastclick/LICENSE\u001b[39m","time":"2017-04-03T02:45:35.839Z","v":0}
{"name":"hexo","hostname":"SONGLIAO-MB0","pid":81411,"level":20,"msg":"Processed: \u001b[35msource/lib/fastclick/README.md\u001b[39m","time":"2017-04-03T02:45:35.839Z","v":0}
{"name":"hexo","hostname":"SONGLIAO-MB0","pid":81411,"level":20,"msg":"Processed: \u001b[35msource/lib/fastclick/bower.json\u001b[39m","time":"2017-04-03T02:45:35.840Z","v":0}
{"name":"hexo","hostname":"SONGLIAO-MB0","pid":81411,"level":20,"msg":"Processed: \u001b[35msource/lib/font-awesome/HELP-US-OUT.txt\u001b[39m","time":"2017-04-03T02:45:35.841Z","v":0}
{"name":"hexo","hostname":"SONGLIAO-MB0","pid":81411,"level":20,"msg":"Processed: \u001b[35msource/lib/font-awesome/bower.json\u001b[39m","time":"2017-04-03T02:45:35.841Z","v":0}
{"name":"hexo","hostname":"SONGLIAO-MB0","pid":81411,"level":20,"msg":"Processed: \u001b[35msource/lib/jquery_lazyload/CONTRIBUTING.md\u001b[39m","time":"2017-04-03T02:45:35.842Z","v":0}
{"name":"hexo","hostname":"SONGLIAO-MB0","pid":81411,"level":20,"msg":"Processed: \u001b[35msource/lib/jquery_lazyload/README.md\u001b[39m","time":"2017-04-03T02:45:35.842Z","v":0}
{"name":"hexo","hostname":"SONGLIAO-MB0","pid":81411,"level":20,"msg":"Processed: \u001b[35msource/lib/jquery_lazyload/bower.json\u001b[39m","time":"2017-04-03T02:45:35.842Z","v":0}
{"name":"hexo","hostname":"SONGLIAO-MB0","pid":81411,"level":20,"msg":"Processed: \u001b[35msource/lib/jquery_lazyload/jquery.scrollstop.js\u001b[39m","time":"2017-04-03T02:45:35.843Z","v":0}
{"name":"hexo","hostname":"SONGLIAO-MB0","pid":81411,"level":20,"msg":"Processed: \u001b[35msource/lib/jquery_lazyload/jquery.lazyload.js\u001b[39m","time":"2017-04-03T02:45:35.843Z","v":0}
{"name":"hexo","hostname":"SONGLIAO-MB0","pid":81411,"level":20,"msg":"Processed: \u001b[35msource/lib/three/three-waves.min.js\u001b[39m","time":"2017-04-03T02:45:35.843Z","v":0}
{"name":"hexo","hostname":"SONGLIAO-MB0","pid":81411,"level":20,"msg":"Processed: \u001b[35msource/lib/velocity/bower.json\u001b[39m","time":"2017-04-03T02:45:35.843Z","v":0}
{"name":"hexo","hostname":"SONGLIAO-MB0","pid":81411,"level":20,"msg":"Processed: \u001b[35msource/lib/velocity/velocity.min.js\u001b[39m","time":"2017-04-03T02:45:35.844Z","v":0}
{"name":"hexo","hostname":"SONGLIAO-MB0","pid":81411,"level":20,"msg":"Processed: \u001b[35msource/lib/velocity/velocity.ui.min.js\u001b[39m","time":"2017-04-03T02:45:35.844Z","v":0}
{"name":"hexo","hostname":"SONGLIAO-MB0","pid":81411,"level":20,"msg":"Processed: \u001b[35msource/lib/velocity/velocity.ui.js\u001b[39m","time":"2017-04-03T02:45:35.844Z","v":0}
{"name":"hexo","hostname":"SONGLIAO-MB0","pid":81411,"level":20,"msg":"Processed: \u001b[35msource/js/src/algolia-search.js\u001b[39m","time":"2017-04-03T02:45:35.852Z","v":0}
{"name":"hexo","hostname":"SONGLIAO-MB0","pid":81411,"level":20,"msg":"Processed: \u001b[35msource/js/src/affix.js\u001b[39m","time":"2017-04-03T02:45:35.853Z","v":0}
{"name":"hexo","hostname":"SONGLIAO-MB0","pid":81411,"level":20,"msg":"Processed: \u001b[35msource/js/src/bootstrap.js\u001b[39m","time":"2017-04-03T02:45:35.853Z","v":0}
{"name":"hexo","hostname":"SONGLIAO-MB0","pid":81411,"level":20,"msg":"Processed: \u001b[35msource/js/src/exturl.js\u001b[39m","time":"2017-04-03T02:45:35.853Z","v":0}
{"name":"hexo","hostname":"SONGLIAO-MB0","pid":81411,"level":20,"msg":"Processed: \u001b[35msource/js/src/hook-duoshuo.js\u001b[39m","time":"2017-04-03T02:45:35.853Z","v":0}
{"name":"hexo","hostname":"SONGLIAO-MB0","pid":81411,"level":20,"msg":"Processed: \u001b[35msource/js/src/motion.js\u001b[39m","time":"2017-04-03T02:45:35.853Z","v":0}
{"name":"hexo","hostname":"SONGLIAO-MB0","pid":81411,"level":20,"msg":"Processed: \u001b[35msource/js/src/scrollspy.js\u001b[39m","time":"2017-04-03T02:45:35.853Z","v":0}
{"name":"hexo","hostname":"SONGLIAO-MB0","pid":81411,"level":20,"msg":"Processed: \u001b[35msource/js/src/post-details.js\u001b[39m","time":"2017-04-03T02:45:35.853Z","v":0}
{"name":"hexo","hostname":"SONGLIAO-MB0","pid":81411,"level":20,"msg":"Processed: \u001b[35msource/js/src/utils.js\u001b[39m","time":"2017-04-03T02:45:35.853Z","v":0}
{"name":"hexo","hostname":"SONGLIAO-MB0","pid":81411,"level":20,"msg":"Processed: \u001b[35msource/lib/jquery/index.js\u001b[39m","time":"2017-04-03T02:45:35.853Z","v":0}
{"name":"hexo","hostname":"SONGLIAO-MB0","pid":81411,"level":20,"msg":"Processed: \u001b[35mlayout/_custom/header.swig\u001b[39m","time":"2017-04-03T02:45:35.908Z","v":0}
{"name":"hexo","hostname":"SONGLIAO-MB0","pid":81411,"level":20,"msg":"Processed: \u001b[35mlayout/_custom/sidebar.swig\u001b[39m","time":"2017-04-03T02:45:35.909Z","v":0}
{"name":"hexo","hostname":"SONGLIAO-MB0","pid":81411,"level":20,"msg":"Processed: \u001b[35mlayout/_partials/comments.swig\u001b[39m","time":"2017-04-03T02:45:35.909Z","v":0}
{"name":"hexo","hostname":"SONGLIAO-MB0","pid":81411,"level":20,"msg":"Processed: \u001b[35mlayout/_partials/footer.swig\u001b[39m","time":"2017-04-03T02:45:35.909Z","v":0}
{"name":"hexo","hostname":"SONGLIAO-MB0","pid":81411,"level":20,"msg":"Processed: \u001b[35mlayout/_partials/head.swig\u001b[39m","time":"2017-04-03T02:45:35.909Z","v":0}
{"name":"hexo","hostname":"SONGLIAO-MB0","pid":81411,"level":20,"msg":"Processed: \u001b[35mlayout/_partials/header.swig\u001b[39m","time":"2017-04-03T02:45:35.909Z","v":0}
{"name":"hexo","hostname":"SONGLIAO-MB0","pid":81411,"level":20,"msg":"Processed: \u001b[35mlayout/_partials/page-header.swig\u001b[39m","time":"2017-04-03T02:45:35.909Z","v":0}
{"name":"hexo","hostname":"SONGLIAO-MB0","pid":81411,"level":20,"msg":"Processed: \u001b[35mlayout/_partials/pagination.swig\u001b[39m","time":"2017-04-03T02:45:35.909Z","v":0}
{"name":"hexo","hostname":"SONGLIAO-MB0","pid":81411,"level":20,"msg":"Processed: \u001b[35mlayout/_partials/search.swig\u001b[39m","time":"2017-04-03T02:45:35.909Z","v":0}
{"name":"hexo","hostname":"SONGLIAO-MB0","pid":81411,"level":20,"msg":"Processed: \u001b[35mlayout/_macro/post-collapse.swig\u001b[39m","time":"2017-04-03T02:45:35.909Z","v":0}
{"name":"hexo","hostname":"SONGLIAO-MB0","pid":81411,"level":20,"msg":"Processed: \u001b[35mlayout/_macro/post-copyright.swig\u001b[39m","time":"2017-04-03T02:45:35.909Z","v":0}
{"name":"hexo","hostname":"SONGLIAO-MB0","pid":81411,"level":20,"msg":"Processed: \u001b[35mlayout/_macro/post.swig\u001b[39m","time":"2017-04-03T02:45:35.909Z","v":0}
{"name":"hexo","hostname":"SONGLIAO-MB0","pid":81411,"level":20,"msg":"Processed: \u001b[35mlayout/_macro/reward.swig\u001b[39m","time":"2017-04-03T02:45:35.909Z","v":0}
{"name":"hexo","hostname":"SONGLIAO-MB0","pid":81411,"level":20,"msg":"Processed: \u001b[35mlayout/_macro/sidebar.swig\u001b[39m","time":"2017-04-03T02:45:35.909Z","v":0}
{"name":"hexo","hostname":"SONGLIAO-MB0","pid":81411,"level":20,"msg":"Processed: \u001b[35mlayout/_macro/wechat-subscriber.swig\u001b[39m","time":"2017-04-03T02:45:35.909Z","v":0}
{"name":"hexo","hostname":"SONGLIAO-MB0","pid":81411,"level":20,"msg":"Processed: \u001b[35mlayout/_scripts/commons.swig\u001b[39m","time":"2017-04-03T02:45:35.910Z","v":0}
{"name":"hexo","hostname":"SONGLIAO-MB0","pid":81411,"level":20,"msg":"Processed: \u001b[35mlayout/_scripts/boostrap.swig\u001b[39m","time":"2017-04-03T02:45:35.910Z","v":0}
{"name":"hexo","hostname":"SONGLIAO-MB0","pid":81411,"level":20,"msg":"Processed: \u001b[35mlayout/_scripts/vendors.swig\u001b[39m","time":"2017-04-03T02:45:35.915Z","v":0}
{"name":"hexo","hostname":"SONGLIAO-MB0","pid":81411,"level":20,"msg":"Processed: \u001b[35mlayout/_third-party/exturl.swig\u001b[39m","time":"2017-04-03T02:45:35.915Z","v":0}
{"name":"hexo","hostname":"SONGLIAO-MB0","pid":81411,"level":20,"msg":"Processed: \u001b[35mlayout/_third-party/duoshuo-hot-articles.swig\u001b[39m","time":"2017-04-03T02:45:35.915Z","v":0}
{"name":"hexo","hostname":"SONGLIAO-MB0","pid":81411,"level":20,"msg":"Processed: \u001b[35mlayout/_third-party/mathjax.swig\u001b[39m","time":"2017-04-03T02:45:35.915Z","v":0}
{"name":"hexo","hostname":"SONGLIAO-MB0","pid":81411,"level":20,"msg":"Processed: \u001b[35mlayout/_third-party/schedule.swig\u001b[39m","time":"2017-04-03T02:45:35.915Z","v":0}
{"name":"hexo","hostname":"SONGLIAO-MB0","pid":81411,"level":20,"msg":"Processed: \u001b[35msource/lib/fancybox/source/fancybox_loading@2x.gif\u001b[39m","time":"2017-04-03T02:45:35.917Z","v":0}
{"name":"hexo","hostname":"SONGLIAO-MB0","pid":81411,"level":20,"msg":"Processed: \u001b[35msource/lib/fancybox/source/blank.gif\u001b[39m","time":"2017-04-03T02:45:35.917Z","v":0}
{"name":"hexo","hostname":"SONGLIAO-MB0","pid":81411,"level":20,"msg":"Processed: \u001b[35msource/lib/fancybox/source/fancybox_loading.gif\u001b[39m","time":"2017-04-03T02:45:35.918Z","v":0}
{"name":"hexo","hostname":"SONGLIAO-MB0","pid":81411,"level":20,"msg":"Processed: \u001b[35msource/lib/fancybox/source/fancybox_sprite.png\u001b[39m","time":"2017-04-03T02:45:35.918Z","v":0}
{"name":"hexo","hostname":"SONGLIAO-MB0","pid":81411,"level":20,"msg":"Processed: \u001b[35msource/lib/fancybox/source/fancybox_overlay.png\u001b[39m","time":"2017-04-03T02:45:35.918Z","v":0}
{"name":"hexo","hostname":"SONGLIAO-MB0","pid":81411,"level":20,"msg":"Processed: \u001b[35msource/lib/fancybox/source/fancybox_sprite@2x.png\u001b[39m","time":"2017-04-03T02:45:35.918Z","v":0}
{"name":"hexo","hostname":"SONGLIAO-MB0","pid":81411,"level":20,"msg":"Processed: \u001b[35msource/lib/fancybox/source/jquery.fancybox.css\u001b[39m","time":"2017-04-03T02:45:35.919Z","v":0}
{"name":"hexo","hostname":"SONGLIAO-MB0","pid":81411,"level":20,"msg":"Processed: \u001b[35msource/lib/fancybox/source/jquery.fancybox.js\u001b[39m","time":"2017-04-03T02:45:35.919Z","v":0}
{"name":"hexo","hostname":"SONGLIAO-MB0","pid":81411,"level":20,"msg":"Processed: \u001b[35msource/lib/fancybox/source/jquery.fancybox.pack.js\u001b[39m","time":"2017-04-03T02:45:35.919Z","v":0}
{"name":"hexo","hostname":"SONGLIAO-MB0","pid":81411,"level":20,"msg":"Processed: \u001b[35msource/lib/fastclick/lib/fastclick.js\u001b[39m","time":"2017-04-03T02:45:35.919Z","v":0}
{"name":"hexo","hostname":"SONGLIAO-MB0","pid":81411,"level":20,"msg":"Processed: \u001b[35msource/lib/fastclick/lib/fastclick.min.js\u001b[39m","time":"2017-04-03T02:45:35.920Z","v":0}
{"name":"hexo","hostname":"SONGLIAO-MB0","pid":81411,"level":20,"msg":"Processed: \u001b[35msource/lib/font-awesome/css/font-awesome.css\u001b[39m","time":"2017-04-03T02:45:35.920Z","v":0}
{"name":"hexo","hostname":"SONGLIAO-MB0","pid":81411,"level":20,"msg":"Processed: \u001b[35msource/lib/font-awesome/css/font-awesome.css.map\u001b[39m","time":"2017-04-03T02:45:35.920Z","v":0}
{"name":"hexo","hostname":"SONGLIAO-MB0","pid":81411,"level":20,"msg":"Processed: \u001b[35msource/lib/font-awesome/css/font-awesome.min.css\u001b[39m","time":"2017-04-03T02:45:35.920Z","v":0}
{"name":"hexo","hostname":"SONGLIAO-MB0","pid":81411,"level":20,"msg":"Processed: \u001b[35msource/lib/ua-parser-js/dist/ua-parser.min.js\u001b[39m","time":"2017-04-03T02:45:35.920Z","v":0}
{"name":"hexo","hostname":"SONGLIAO-MB0","pid":81411,"level":20,"msg":"Processed: \u001b[35msource/lib/ua-parser-js/dist/ua-parser.pack.js\u001b[39m","time":"2017-04-03T02:45:35.920Z","v":0}
{"name":"hexo","hostname":"SONGLIAO-MB0","pid":81411,"level":20,"msg":"Processed: \u001b[35mlayout/_scripts/schemes/mist.swig\u001b[39m","time":"2017-04-03T02:45:35.923Z","v":0}
{"name":"hexo","hostname":"SONGLIAO-MB0","pid":81411,"level":20,"msg":"Processed: \u001b[35mlayout/_scripts/schemes/muse.swig\u001b[39m","time":"2017-04-03T02:45:35.924Z","v":0}
{"name":"hexo","hostname":"SONGLIAO-MB0","pid":81411,"level":20,"msg":"Processed: \u001b[35msource/js/src/schemes/pisces.js\u001b[39m","time":"2017-04-03T02:45:35.924Z","v":0}
{"name":"hexo","hostname":"SONGLIAO-MB0","pid":81411,"level":20,"msg":"Processed: \u001b[35msource/lib/font-awesome/fonts/fontawesome-webfont.woff\u001b[39m","time":"2017-04-03T02:45:35.925Z","v":0}
{"name":"hexo","hostname":"SONGLIAO-MB0","pid":81411,"level":20,"msg":"Processed: \u001b[35msource/lib/font-awesome/fonts/fontawesome-webfont.woff2\u001b[39m","time":"2017-04-03T02:45:35.925Z","v":0}
{"name":"hexo","hostname":"SONGLIAO-MB0","pid":81411,"level":20,"msg":"Processed: \u001b[35msource/lib/velocity/velocity.js\u001b[39m","time":"2017-04-03T02:45:35.925Z","v":0}
{"name":"hexo","hostname":"SONGLIAO-MB0","pid":81411,"level":20,"msg":"Processed: \u001b[35mlayout/_partials/head/custom-head.swig\u001b[39m","time":"2017-04-03T02:45:35.948Z","v":0}
{"name":"hexo","hostname":"SONGLIAO-MB0","pid":81411,"level":20,"msg":"Processed: \u001b[35mlayout/_partials/head/external-fonts.swig\u001b[39m","time":"2017-04-03T02:45:35.948Z","v":0}
{"name":"hexo","hostname":"SONGLIAO-MB0","pid":81411,"level":20,"msg":"Processed: \u001b[35mlayout/_partials/search/localsearch.swig\u001b[39m","time":"2017-04-03T02:45:35.948Z","v":0}
{"name":"hexo","hostname":"SONGLIAO-MB0","pid":81411,"level":20,"msg":"Processed: \u001b[35mlayout/_partials/search/swiftype.swig\u001b[39m","time":"2017-04-03T02:45:35.948Z","v":0}
{"name":"hexo","hostname":"SONGLIAO-MB0","pid":81411,"level":20,"msg":"Processed: \u001b[35mlayout/_partials/search/tinysou.swig\u001b[39m","time":"2017-04-03T02:45:35.948Z","v":0}
{"name":"hexo","hostname":"SONGLIAO-MB0","pid":81411,"level":20,"msg":"Processed: \u001b[35mlayout/_partials/share/add-this.swig\u001b[39m","time":"2017-04-03T02:45:35.948Z","v":0}
{"name":"hexo","hostname":"SONGLIAO-MB0","pid":81411,"level":20,"msg":"Processed: \u001b[35mlayout/_partials/share/baidushare.swig\u001b[39m","time":"2017-04-03T02:45:35.948Z","v":0}
{"name":"hexo","hostname":"SONGLIAO-MB0","pid":81411,"level":20,"msg":"Processed: \u001b[35mlayout/_partials/share/duoshuo_share.swig\u001b[39m","time":"2017-04-03T02:45:35.948Z","v":0}
{"name":"hexo","hostname":"SONGLIAO-MB0","pid":81411,"level":20,"msg":"Processed: \u001b[35mlayout/_partials/share/jiathis.swig\u001b[39m","time":"2017-04-03T02:45:35.948Z","v":0}
{"name":"hexo","hostname":"SONGLIAO-MB0","pid":81411,"level":20,"msg":"Processed: \u001b[35mlayout/_scripts/pages/post-details.swig\u001b[39m","time":"2017-04-03T02:45:35.948Z","v":0}
{"name":"hexo","hostname":"SONGLIAO-MB0","pid":81411,"level":20,"msg":"Processed: \u001b[35mlayout/_scripts/schemes/pisces.swig\u001b[39m","time":"2017-04-03T02:45:35.948Z","v":0}
{"name":"hexo","hostname":"SONGLIAO-MB0","pid":81411,"level":20,"msg":"Processed: \u001b[35mlayout/_third-party/analytics/application-insights.swig\u001b[39m","time":"2017-04-03T02:45:35.948Z","v":0}
{"name":"hexo","hostname":"SONGLIAO-MB0","pid":81411,"level":20,"msg":"Processed: \u001b[35mlayout/_third-party/analytics/baidu-analytics.swig\u001b[39m","time":"2017-04-03T02:45:35.948Z","v":0}
{"name":"hexo","hostname":"SONGLIAO-MB0","pid":81411,"level":20,"msg":"Processed: \u001b[35mlayout/_third-party/analytics/busuanzi-counter.swig\u001b[39m","time":"2017-04-03T02:45:35.948Z","v":0}
{"name":"hexo","hostname":"SONGLIAO-MB0","pid":81411,"level":20,"msg":"Processed: \u001b[35mlayout/_third-party/analytics/cnzz-analytics.swig\u001b[39m","time":"2017-04-03T02:45:35.948Z","v":0}
{"name":"hexo","hostname":"SONGLIAO-MB0","pid":81411,"level":20,"msg":"Processed: \u001b[35mlayout/_third-party/analytics/facebook-sdk.swig\u001b[39m","time":"2017-04-03T02:45:35.948Z","v":0}
{"name":"hexo","hostname":"SONGLIAO-MB0","pid":81411,"level":20,"msg":"Processed: \u001b[35mlayout/_third-party/analytics/google-analytics.swig\u001b[39m","time":"2017-04-03T02:45:35.948Z","v":0}
{"name":"hexo","hostname":"SONGLIAO-MB0","pid":81411,"level":20,"msg":"Processed: \u001b[35mlayout/_third-party/analytics/index.swig\u001b[39m","time":"2017-04-03T02:45:35.948Z","v":0}
{"name":"hexo","hostname":"SONGLIAO-MB0","pid":81411,"level":20,"msg":"Processed: \u001b[35mlayout/_third-party/analytics/tencent-analytics.swig\u001b[39m","time":"2017-04-03T02:45:35.948Z","v":0}
{"name":"hexo","hostname":"SONGLIAO-MB0","pid":81411,"level":20,"msg":"Processed: \u001b[35mlayout/_third-party/analytics/lean-analytics.swig\u001b[39m","time":"2017-04-03T02:45:35.948Z","v":0}
{"name":"hexo","hostname":"SONGLIAO-MB0","pid":81411,"level":20,"msg":"Processed: \u001b[35mlayout/_third-party/analytics/tencent-mta.swig\u001b[39m","time":"2017-04-03T02:45:35.949Z","v":0}
{"name":"hexo","hostname":"SONGLIAO-MB0","pid":81411,"level":20,"msg":"Processed: \u001b[35mlayout/_third-party/analytics/vkontakte-api.swig\u001b[39m","time":"2017-04-03T02:45:35.949Z","v":0}
{"name":"hexo","hostname":"SONGLIAO-MB0","pid":81411,"level":20,"msg":"Processed: \u001b[35mlayout/_third-party/comments/changyan.swig\u001b[39m","time":"2017-04-03T02:45:35.949Z","v":0}
{"name":"hexo","hostname":"SONGLIAO-MB0","pid":81411,"level":20,"msg":"Processed: \u001b[35mlayout/_third-party/comments/disqus.swig\u001b[39m","time":"2017-04-03T02:45:35.949Z","v":0}
{"name":"hexo","hostname":"SONGLIAO-MB0","pid":81411,"level":20,"msg":"Processed: \u001b[35mlayout/_third-party/comments/duoshuo.swig\u001b[39m","time":"2017-04-03T02:45:35.949Z","v":0}
{"name":"hexo","hostname":"SONGLIAO-MB0","pid":81411,"level":20,"msg":"Processed: \u001b[35mlayout/_third-party/comments/hypercomments.swig\u001b[39m","time":"2017-04-03T02:45:35.949Z","v":0}
{"name":"hexo","hostname":"SONGLIAO-MB0","pid":81411,"level":20,"msg":"Processed: \u001b[35mlayout/_third-party/comments/index.swig\u001b[39m","time":"2017-04-03T02:45:35.949Z","v":0}
{"name":"hexo","hostname":"SONGLIAO-MB0","pid":81411,"level":20,"msg":"Processed: \u001b[35mlayout/_third-party/comments/gentie.swig\u001b[39m","time":"2017-04-03T02:45:35.949Z","v":0}
{"name":"hexo","hostname":"SONGLIAO-MB0","pid":81411,"level":20,"msg":"Processed: \u001b[35mlayout/_third-party/comments/livere.swig\u001b[39m","time":"2017-04-03T02:45:35.949Z","v":0}
{"name":"hexo","hostname":"SONGLIAO-MB0","pid":81411,"level":20,"msg":"Processed: \u001b[35mlayout/_third-party/comments/youyan.swig\u001b[39m","time":"2017-04-03T02:45:35.949Z","v":0}
{"name":"hexo","hostname":"SONGLIAO-MB0","pid":81411,"level":20,"msg":"Processed: \u001b[35mlayout/_third-party/search/index.swig\u001b[39m","time":"2017-04-03T02:45:35.949Z","v":0}
{"name":"hexo","hostname":"SONGLIAO-MB0","pid":81411,"level":20,"msg":"Processed: \u001b[35mlayout/_third-party/search/localsearch.swig\u001b[39m","time":"2017-04-03T02:45:35.949Z","v":0}
{"name":"hexo","hostname":"SONGLIAO-MB0","pid":81411,"level":20,"msg":"Processed: \u001b[35mlayout/_third-party/search/tinysou.swig\u001b[39m","time":"2017-04-03T02:45:35.949Z","v":0}
{"name":"hexo","hostname":"SONGLIAO-MB0","pid":81411,"level":20,"msg":"Processed: \u001b[35mlayout/_third-party/seo/baidu-push.swig\u001b[39m","time":"2017-04-03T02:45:35.949Z","v":0}
{"name":"hexo","hostname":"SONGLIAO-MB0","pid":81411,"level":20,"msg":"Processed: \u001b[35msource/lib/fancybox/source/helpers/jquery.fancybox-buttons.css\u001b[39m","time":"2017-04-03T02:45:35.955Z","v":0}
{"name":"hexo","hostname":"SONGLIAO-MB0","pid":81411,"level":20,"msg":"Processed: \u001b[35msource/lib/fancybox/source/helpers/fancybox_buttons.png\u001b[39m","time":"2017-04-03T02:45:35.955Z","v":0}
{"name":"hexo","hostname":"SONGLIAO-MB0","pid":81411,"level":20,"msg":"Processed: \u001b[35msource/lib/fancybox/source/helpers/jquery.fancybox-buttons.js\u001b[39m","time":"2017-04-03T02:45:35.955Z","v":0}
{"name":"hexo","hostname":"SONGLIAO-MB0","pid":81411,"level":20,"msg":"Processed: \u001b[35msource/lib/fancybox/source/helpers/jquery.fancybox-media.js\u001b[39m","time":"2017-04-03T02:45:35.956Z","v":0}
{"name":"hexo","hostname":"SONGLIAO-MB0","pid":81411,"level":20,"msg":"Processed: \u001b[35msource/lib/fancybox/source/helpers/jquery.fancybox-thumbs.css\u001b[39m","time":"2017-04-03T02:45:35.956Z","v":0}
{"name":"hexo","hostname":"SONGLIAO-MB0","pid":81411,"level":20,"msg":"Processed: \u001b[35msource/lib/fancybox/source/helpers/jquery.fancybox-thumbs.js\u001b[39m","time":"2017-04-03T02:45:35.956Z","v":0}
{"name":"hexo","hostname":"SONGLIAO-MB0","pid":81411,"level":20,"msg":"Processed: \u001b[35msource/lib/font-awesome/fonts/FontAwesome.otf\u001b[39m","time":"2017-04-03T02:45:35.956Z","v":0}
{"name":"hexo","hostname":"SONGLIAO-MB0","pid":81411,"level":20,"msg":"Processed: \u001b[35msource/lib/font-awesome/fonts/fontawesome-webfont.eot\u001b[39m","time":"2017-04-03T02:45:35.956Z","v":0}
{"name":"hexo","hostname":"SONGLIAO-MB0","pid":81411,"level":20,"msg":"Processed: \u001b[35msource/lib/font-awesome/fonts/fontawesome-webfont.ttf\u001b[39m","time":"2017-04-03T02:45:35.956Z","v":0}
{"name":"hexo","hostname":"SONGLIAO-MB0","pid":81411,"level":20,"msg":"Processed: \u001b[35msource/lib/algolia-instant-search/instantsearch.min.js\u001b[39m","time":"2017-04-03T02:45:35.960Z","v":0}
{"name":"hexo","hostname":"SONGLIAO-MB0","pid":81411,"level":20,"msg":"Processed: \u001b[35mlayout/_third-party/search/algolia-search/assets.swig\u001b[39m","time":"2017-04-03T02:45:35.963Z","v":0}
{"name":"hexo","hostname":"SONGLIAO-MB0","pid":81411,"level":20,"msg":"Processed: \u001b[35mlayout/_third-party/search/algolia-search/dom.swig\u001b[39m","time":"2017-04-03T02:45:35.964Z","v":0}
{"name":"hexo","hostname":"SONGLIAO-MB0","pid":81411,"level":20,"msg":"Processed: \u001b[35msource/lib/three/three.min.js\u001b[39m","time":"2017-04-03T02:45:35.964Z","v":0}
{"name":"hexo","hostname":"SONGLIAO-MB0","pid":81411,"level":20,"msg":"Processed: \u001b[35msource/lib/font-awesome/fonts/fontawesome-webfont.svg\u001b[39m","time":"2017-04-03T02:45:35.964Z","v":0}
{"name":"hexo","hostname":"SONGLIAO-MB0","pid":81411,"level":20,"msg":"Generator: \u001b[35mpage\u001b[39m","time":"2017-04-03T02:45:36.094Z","v":0}
{"name":"hexo","hostname":"SONGLIAO-MB0","pid":81411,"level":20,"msg":"Generator: \u001b[35mpost\u001b[39m","time":"2017-04-03T02:45:36.094Z","v":0}
{"name":"hexo","hostname":"SONGLIAO-MB0","pid":81411,"level":20,"msg":"Generator: \u001b[35mcategory\u001b[39m","time":"2017-04-03T02:45:36.094Z","v":0}
{"name":"hexo","hostname":"SONGLIAO-MB0","pid":81411,"level":20,"msg":"Generator: \u001b[35marchive\u001b[39m","time":"2017-04-03T02:45:36.094Z","v":0}
{"name":"hexo","hostname":"SONGLIAO-MB0","pid":81411,"level":20,"msg":"Generator: \u001b[35mindex\u001b[39m","time":"2017-04-03T02:45:36.094Z","v":0}
{"name":"hexo","hostname":"SONGLIAO-MB0","pid":81411,"level":20,"msg":"Generator: \u001b[35mtag\u001b[39m","time":"2017-04-03T02:45:36.094Z","v":0}
{"name":"hexo","hostname":"SONGLIAO-MB0","pid":81411,"level":20,"msg":"Generator: \u001b[35masset\u001b[39m","time":"2017-04-03T02:45:36.095Z","v":0}
{"name":"hexo","hostname":"SONGLIAO-MB0","pid":81411,"level":30,"msg":"Hexo is running at \u001b[4mhttp://localhost:4000/\u001b[24m. Press Ctrl+C to stop.","time":"2017-04-03T02:45:36.100Z","v":0}
{"name":"hexo","hostname":"SONGLIAO-MB0","pid":81411,"level":20,"msg":"Database saved","time":"2017-04-03T02:45:36.110Z","v":0}
{"name":"hexo","hostname":"SONGLIAO-MB0","pid":81411,"level":30,"msg":"Good bye","time":"2017-04-03T02:45:41.061Z","v":0}
{"name":"hexo","hostname":"SONGLIAO-MB0","pid":81411,"level":20,"msg":"Database saved","time":"2017-04-03T02:45:41.068Z","v":0}
{"name":"hexo","hostname":"SONGLIAO-MB0","pid":81425,"level":20,"msg":"Hexo version: \u001b[35m3.2.2\u001b[39m","time":"2017-04-03T02:45:51.653Z","v":0}
{"name":"hexo","hostname":"SONGLIAO-MB0","pid":81425,"level":20,"msg":"Working directory: \u001b[35m~/Documents/work/git/squirrel20.github.io/\u001b[39m","time":"2017-04-03T02:45:51.654Z","v":0}
{"name":"hexo","hostname":"SONGLIAO-MB0","pid":81425,"level":20,"msg":"Config loaded: \u001b[35m~/Documents/work/git/squirrel20.github.io/_config.yml\u001b[39m","time":"2017-04-03T02:45:51.705Z","v":0}
{"name":"hexo","hostname":"SONGLIAO-MB0","pid":81425,"level":20,"msg":"Plugin loaded: \u001b[35mhexo-deployer-git\u001b[39m","time":"2017-04-03T02:45:51.718Z","v":0}
{"name":"hexo","hostname":"SONGLIAO-MB0","pid":81425,"level":20,"msg":"Plugin loaded: \u001b[35mhexo-generator-archive\u001b[39m","time":"2017-04-03T02:45:51.720Z","v":0}
{"name":"hexo","hostname":"SONGLIAO-MB0","pid":81425,"level":20,"msg":"Plugin loaded: \u001b[35mhexo-generator-category\u001b[39m","time":"2017-04-03T02:45:51.721Z","v":0}
{"name":"hexo","hostname":"SONGLIAO-MB0","pid":81425,"level":20,"msg":"Plugin loaded: \u001b[35mhexo-generator-index\u001b[39m","time":"2017-04-03T02:45:51.722Z","v":0}
{"name":"hexo","hostname":"SONGLIAO-MB0","pid":81425,"level":20,"msg":"Plugin loaded: \u001b[35mhexo-generator-tag\u001b[39m","time":"2017-04-03T02:45:51.723Z","v":0}
{"name":"hexo","hostname":"SONGLIAO-MB0","pid":81425,"level":20,"msg":"Plugin loaded: \u001b[35mhexo-renderer-ejs\u001b[39m","time":"2017-04-03T02:45:51.725Z","v":0}
{"name":"hexo","hostname":"SONGLIAO-MB0","pid":81425,"level":20,"msg":"Plugin loaded: \u001b[35mhexo-renderer-marked\u001b[39m","time":"2017-04-03T02:45:51.729Z","v":0}
{"name":"hexo","hostname":"SONGLIAO-MB0","pid":81425,"level":20,"msg":"Plugin loaded: \u001b[35mhexo-renderer-stylus\u001b[39m","time":"2017-04-03T02:45:51.731Z","v":0}
{"name":"hexo","hostname":"SONGLIAO-MB0","pid":81425,"level":20,"msg":"Plugin loaded: \u001b[35mhexo-server\u001b[39m","time":"2017-04-03T02:45:51.785Z","v":0}
{"name":"hexo","hostname":"SONGLIAO-MB0","pid":81425,"level":20,"msg":"Script loaded: \u001b[35mthemes/NexT/scripts/merge-configs.js\u001b[39m","time":"2017-04-03T02:45:51.787Z","v":0}
{"name":"hexo","hostname":"SONGLIAO-MB0","pid":81425,"level":20,"msg":"Script loaded: \u001b[35mthemes/NexT/scripts/tags/button.js\u001b[39m","time":"2017-04-03T02:45:51.788Z","v":0}
{"name":"hexo","hostname":"SONGLIAO-MB0","pid":81425,"level":20,"msg":"Script loaded: \u001b[35mthemes/NexT/scripts/tags/center-quote.js\u001b[39m","time":"2017-04-03T02:45:51.788Z","v":0}
{"name":"hexo","hostname":"SONGLIAO-MB0","pid":81425,"level":20,"msg":"Script loaded: \u001b[35mthemes/NexT/scripts/tags/exturl.js\u001b[39m","time":"2017-04-03T02:45:51.788Z","v":0}
{"name":"hexo","hostname":"SONGLIAO-MB0","pid":81425,"level":20,"msg":"Script loaded: \u001b[35mthemes/NexT/scripts/tags/full-image.js\u001b[39m","time":"2017-04-03T02:45:51.789Z","v":0}
{"name":"hexo","hostname":"SONGLIAO-MB0","pid":81425,"level":20,"msg":"Script loaded: \u001b[35mthemes/NexT/scripts/tags/group-pictures.js\u001b[39m","time":"2017-04-03T02:45:51.789Z","v":0}
{"name":"hexo","hostname":"SONGLIAO-MB0","pid":81425,"level":20,"msg":"Script loaded: \u001b[35mthemes/NexT/scripts/tags/note.js\u001b[39m","time":"2017-04-03T02:45:51.789Z","v":0}
{"name":"hexo","hostname":"SONGLIAO-MB0","pid":81425,"level":20,"msg":"Script loaded: \u001b[35mthemes/NexT/scripts/merge.js\u001b[39m","time":"2017-04-03T02:45:51.792Z","v":0}
{"name":"hexo","hostname":"SONGLIAO-MB0","pid":81425,"level":20,"msg":"Loading database.","time":"2017-04-03T02:45:51.798Z","v":0}
{"name":"hexo","hostname":"SONGLIAO-MB0","pid":81425,"level":30,"msg":"Start processing","time":"2017-04-03T02:45:51.805Z","v":0}
{"name":"hexo","hostname":"SONGLIAO-MB0","pid":81425,"level":20,"msg":"Theme config loaded.","time":"2017-04-03T02:45:51.917Z","v":0}
{"name":"hexo","hostname":"SONGLIAO-MB0","pid":81425,"level":20,"msg":"Processed: \u001b[35m_config.yml\u001b[39m","time":"2017-04-03T02:45:51.917Z","v":0}
{"name":"hexo","hostname":"SONGLIAO-MB0","pid":81425,"level":20,"msg":"Processed: \u001b[35msource/css/main.styl\u001b[39m","time":"2017-04-03T02:45:51.923Z","v":0}
{"name":"hexo","hostname":"SONGLIAO-MB0","pid":81425,"level":20,"msg":"Processed: \u001b[35msource/images/algolia_logo.svg\u001b[39m","time":"2017-04-03T02:45:51.923Z","v":0}
{"name":"hexo","hostname":"SONGLIAO-MB0","pid":81425,"level":20,"msg":"Processed: \u001b[35msource/images/avatar.gif\u001b[39m","time":"2017-04-03T02:45:51.924Z","v":0}
{"name":"hexo","hostname":"SONGLIAO-MB0","pid":81425,"level":20,"msg":"Processed: \u001b[35msource/images/cc-by-nc-nd.svg\u001b[39m","time":"2017-04-03T02:45:51.925Z","v":0}
{"name":"hexo","hostname":"SONGLIAO-MB0","pid":81425,"level":20,"msg":"Processed: \u001b[35msource/images/cc-by-nc-sa.svg\u001b[39m","time":"2017-04-03T02:45:51.926Z","v":0}
{"name":"hexo","hostname":"SONGLIAO-MB0","pid":81425,"level":20,"msg":"Processed: \u001b[35msource/images/cc-by-nc.svg\u001b[39m","time":"2017-04-03T02:45:51.926Z","v":0}
{"name":"hexo","hostname":"SONGLIAO-MB0","pid":81425,"level":20,"msg":"Processed: \u001b[35msource/images/cc-by-nd.svg\u001b[39m","time":"2017-04-03T02:45:51.926Z","v":0}
{"name":"hexo","hostname":"SONGLIAO-MB0","pid":81425,"level":20,"msg":"Processed: \u001b[35msource/images/cc-by-sa.svg\u001b[39m","time":"2017-04-03T02:45:51.926Z","v":0}
{"name":"hexo","hostname":"SONGLIAO-MB0","pid":81425,"level":20,"msg":"Processed: \u001b[35msource/images/cc-zero.svg\u001b[39m","time":"2017-04-03T02:45:51.928Z","v":0}
{"name":"hexo","hostname":"SONGLIAO-MB0","pid":81425,"level":20,"msg":"Processed: \u001b[35msource/images/cc-by.svg\u001b[39m","time":"2017-04-03T02:45:51.928Z","v":0}
{"name":"hexo","hostname":"SONGLIAO-MB0","pid":81425,"level":20,"msg":"Processed: \u001b[35msource/images/loading.gif\u001b[39m","time":"2017-04-03T02:45:51.928Z","v":0}
{"name":"hexo","hostname":"SONGLIAO-MB0","pid":81425,"level":20,"msg":"Processed: \u001b[35msource/images/placeholder.gif\u001b[39m","time":"2017-04-03T02:45:51.929Z","v":0}
{"name":"hexo","hostname":"SONGLIAO-MB0","pid":81425,"level":20,"msg":"Processed: \u001b[35msource/images/quote-l.svg\u001b[39m","time":"2017-04-03T02:45:51.929Z","v":0}
{"name":"hexo","hostname":"SONGLIAO-MB0","pid":81425,"level":20,"msg":"Processed: \u001b[35msource/images/quote-r.svg\u001b[39m","time":"2017-04-03T02:45:51.929Z","v":0}
{"name":"hexo","hostname":"SONGLIAO-MB0","pid":81425,"level":20,"msg":"Processed: \u001b[35msource/images/searchicon.png\u001b[39m","time":"2017-04-03T02:45:51.929Z","v":0}
{"name":"hexo","hostname":"SONGLIAO-MB0","pid":81425,"level":20,"msg":"Processed: \u001b[35mlayout/_layout.swig\u001b[39m","time":"2017-04-03T02:45:52.092Z","v":0}
{"name":"hexo","hostname":"SONGLIAO-MB0","pid":81425,"level":20,"msg":"Processed: \u001b[35mlayout/archive.swig\u001b[39m","time":"2017-04-03T02:45:52.092Z","v":0}
{"name":"hexo","hostname":"SONGLIAO-MB0","pid":81425,"level":20,"msg":"Processed: \u001b[35mlayout/category.swig\u001b[39m","time":"2017-04-03T02:45:52.092Z","v":0}
{"name":"hexo","hostname":"SONGLIAO-MB0","pid":81425,"level":20,"msg":"Processed: \u001b[35mlayout/index.swig\u001b[39m","time":"2017-04-03T02:45:52.092Z","v":0}
{"name":"hexo","hostname":"SONGLIAO-MB0","pid":81425,"level":20,"msg":"Processed: \u001b[35mlayout/page.swig\u001b[39m","time":"2017-04-03T02:45:52.092Z","v":0}
{"name":"hexo","hostname":"SONGLIAO-MB0","pid":81425,"level":20,"msg":"Processed: \u001b[35mlayout/post.swig\u001b[39m","time":"2017-04-03T02:45:52.092Z","v":0}
{"name":"hexo","hostname":"SONGLIAO-MB0","pid":81425,"level":20,"msg":"Processed: \u001b[35mlayout/schedule.swig\u001b[39m","time":"2017-04-03T02:45:52.092Z","v":0}
{"name":"hexo","hostname":"SONGLIAO-MB0","pid":81425,"level":20,"msg":"Processed: \u001b[35mlayout/tag.swig\u001b[39m","time":"2017-04-03T02:45:52.092Z","v":0}
{"name":"hexo","hostname":"SONGLIAO-MB0","pid":81425,"level":20,"msg":"Processed: \u001b[35m_posts/hello-world.md\u001b[39m","time":"2017-04-03T02:45:52.107Z","v":0}
{"name":"hexo","hostname":"SONGLIAO-MB0","pid":81425,"level":20,"msg":"Processed: \u001b[35mlanguages/de.yml\u001b[39m","time":"2017-04-03T02:45:52.108Z","v":0}
{"name":"hexo","hostname":"SONGLIAO-MB0","pid":81425,"level":20,"msg":"Processed: \u001b[35mlanguages/default.yml\u001b[39m","time":"2017-04-03T02:45:52.108Z","v":0}
{"name":"hexo","hostname":"SONGLIAO-MB0","pid":81425,"level":20,"msg":"Processed: \u001b[35mlanguages/fr-FR.yml\u001b[39m","time":"2017-04-03T02:45:52.108Z","v":0}
{"name":"hexo","hostname":"SONGLIAO-MB0","pid":81425,"level":20,"msg":"Processed: \u001b[35mlanguages/en.yml\u001b[39m","time":"2017-04-03T02:45:52.108Z","v":0}
{"name":"hexo","hostname":"SONGLIAO-MB0","pid":81425,"level":20,"msg":"Processed: \u001b[35mlanguages/ja.yml\u001b[39m","time":"2017-04-03T02:45:52.108Z","v":0}
{"name":"hexo","hostname":"SONGLIAO-MB0","pid":81425,"level":20,"msg":"Processed: \u001b[35mlanguages/id.yml\u001b[39m","time":"2017-04-03T02:45:52.108Z","v":0}
{"name":"hexo","hostname":"SONGLIAO-MB0","pid":81425,"level":20,"msg":"Processed: \u001b[35mlanguages/ko.yml\u001b[39m","time":"2017-04-03T02:45:52.108Z","v":0}
{"name":"hexo","hostname":"SONGLIAO-MB0","pid":81425,"level":20,"msg":"Processed: \u001b[35mlanguages/pt-BR.yml\u001b[39m","time":"2017-04-03T02:45:52.108Z","v":0}
{"name":"hexo","hostname":"SONGLIAO-MB0","pid":81425,"level":20,"msg":"Processed: \u001b[35mlanguages/pt.yml\u001b[39m","time":"2017-04-03T02:45:52.108Z","v":0}
{"name":"hexo","hostname":"SONGLIAO-MB0","pid":81425,"level":20,"msg":"Processed: \u001b[35mlanguages/ru.yml\u001b[39m","time":"2017-04-03T02:45:52.108Z","v":0}
{"name":"hexo","hostname":"SONGLIAO-MB0","pid":81425,"level":20,"msg":"Processed: \u001b[35mlanguages/zh-Hans.yml\u001b[39m","time":"2017-04-03T02:45:52.108Z","v":0}
{"name":"hexo","hostname":"SONGLIAO-MB0","pid":81425,"level":20,"msg":"Processed: \u001b[35mlanguages/zh-hk.yml\u001b[39m","time":"2017-04-03T02:45:52.108Z","v":0}
{"name":"hexo","hostname":"SONGLIAO-MB0","pid":81425,"level":20,"msg":"Processed: \u001b[35mlanguages/zh-tw.yml\u001b[39m","time":"2017-04-03T02:45:52.108Z","v":0}
{"name":"hexo","hostname":"SONGLIAO-MB0","pid":81425,"level":20,"msg":"Processed: \u001b[35m_posts/test.md\u001b[39m","time":"2017-04-03T02:45:52.108Z","v":0}
{"name":"hexo","hostname":"SONGLIAO-MB0","pid":81425,"level":20,"msg":"Processed: \u001b[35msource/lib/algolia-instant-search/instantsearch.min.css\u001b[39m","time":"2017-04-03T02:45:52.123Z","v":0}
{"name":"hexo","hostname":"SONGLIAO-MB0","pid":81425,"level":20,"msg":"Processed: \u001b[35msource/js/src/affix.js\u001b[39m","time":"2017-04-03T02:45:52.123Z","v":0}
{"name":"hexo","hostname":"SONGLIAO-MB0","pid":81425,"level":20,"msg":"Processed: \u001b[35msource/js/src/algolia-search.js\u001b[39m","time":"2017-04-03T02:45:52.123Z","v":0}
{"name":"hexo","hostname":"SONGLIAO-MB0","pid":81425,"level":20,"msg":"Processed: \u001b[35msource/js/src/bootstrap.js\u001b[39m","time":"2017-04-03T02:45:52.124Z","v":0}
{"name":"hexo","hostname":"SONGLIAO-MB0","pid":81425,"level":20,"msg":"Processed: \u001b[35msource/js/src/exturl.js\u001b[39m","time":"2017-04-03T02:45:52.124Z","v":0}
{"name":"hexo","hostname":"SONGLIAO-MB0","pid":81425,"level":20,"msg":"Processed: \u001b[35msource/js/src/hook-duoshuo.js\u001b[39m","time":"2017-04-03T02:45:52.124Z","v":0}
{"name":"hexo","hostname":"SONGLIAO-MB0","pid":81425,"level":20,"msg":"Processed: \u001b[35msource/js/src/motion.js\u001b[39m","time":"2017-04-03T02:45:52.124Z","v":0}
{"name":"hexo","hostname":"SONGLIAO-MB0","pid":81425,"level":20,"msg":"Processed: \u001b[35msource/js/src/post-details.js\u001b[39m","time":"2017-04-03T02:45:52.125Z","v":0}
{"name":"hexo","hostname":"SONGLIAO-MB0","pid":81425,"level":20,"msg":"Processed: \u001b[35msource/js/src/utils.js\u001b[39m","time":"2017-04-03T02:45:52.126Z","v":0}
{"name":"hexo","hostname":"SONGLIAO-MB0","pid":81425,"level":20,"msg":"Processed: \u001b[35msource/js/src/scrollspy.js\u001b[39m","time":"2017-04-03T02:45:52.126Z","v":0}
{"name":"hexo","hostname":"SONGLIAO-MB0","pid":81425,"level":20,"msg":"Processed: \u001b[35msource/lib/canvas-nest/canvas-nest.min.js\u001b[39m","time":"2017-04-03T02:45:52.127Z","v":0}
{"name":"hexo","hostname":"SONGLIAO-MB0","pid":81425,"level":20,"msg":"Processed: \u001b[35msource/lib/fastclick/LICENSE\u001b[39m","time":"2017-04-03T02:45:52.127Z","v":0}
{"name":"hexo","hostname":"SONGLIAO-MB0","pid":81425,"level":20,"msg":"Processed: \u001b[35msource/lib/fastclick/README.md\u001b[39m","time":"2017-04-03T02:45:52.129Z","v":0}
{"name":"hexo","hostname":"SONGLIAO-MB0","pid":81425,"level":20,"msg":"Processed: \u001b[35msource/lib/fastclick/bower.json\u001b[39m","time":"2017-04-03T02:45:52.129Z","v":0}
{"name":"hexo","hostname":"SONGLIAO-MB0","pid":81425,"level":20,"msg":"Processed: \u001b[35msource/lib/font-awesome/bower.json\u001b[39m","time":"2017-04-03T02:45:52.130Z","v":0}
{"name":"hexo","hostname":"SONGLIAO-MB0","pid":81425,"level":20,"msg":"Processed: \u001b[35msource/lib/font-awesome/HELP-US-OUT.txt\u001b[39m","time":"2017-04-03T02:45:52.130Z","v":0}
{"name":"hexo","hostname":"SONGLIAO-MB0","pid":81425,"level":20,"msg":"Processed: \u001b[35msource/lib/jquery_lazyload/CONTRIBUTING.md\u001b[39m","time":"2017-04-03T02:45:52.130Z","v":0}
{"name":"hexo","hostname":"SONGLIAO-MB0","pid":81425,"level":20,"msg":"Processed: \u001b[35msource/lib/jquery_lazyload/README.md\u001b[39m","time":"2017-04-03T02:45:52.130Z","v":0}
{"name":"hexo","hostname":"SONGLIAO-MB0","pid":81425,"level":20,"msg":"Processed: \u001b[35msource/lib/jquery_lazyload/bower.json\u001b[39m","time":"2017-04-03T02:45:52.130Z","v":0}
{"name":"hexo","hostname":"SONGLIAO-MB0","pid":81425,"level":20,"msg":"Processed: \u001b[35msource/lib/jquery_lazyload/jquery.lazyload.js\u001b[39m","time":"2017-04-03T02:45:52.131Z","v":0}
{"name":"hexo","hostname":"SONGLIAO-MB0","pid":81425,"level":20,"msg":"Processed: \u001b[35msource/lib/jquery_lazyload/jquery.scrollstop.js\u001b[39m","time":"2017-04-03T02:45:52.131Z","v":0}
{"name":"hexo","hostname":"SONGLIAO-MB0","pid":81425,"level":20,"msg":"Processed: \u001b[35msource/lib/three/three-waves.min.js\u001b[39m","time":"2017-04-03T02:45:52.131Z","v":0}
{"name":"hexo","hostname":"SONGLIAO-MB0","pid":81425,"level":20,"msg":"Processed: \u001b[35msource/lib/velocity/bower.json\u001b[39m","time":"2017-04-03T02:45:52.131Z","v":0}
{"name":"hexo","hostname":"SONGLIAO-MB0","pid":81425,"level":20,"msg":"Processed: \u001b[35msource/lib/velocity/velocity.min.js\u001b[39m","time":"2017-04-03T02:45:52.132Z","v":0}
{"name":"hexo","hostname":"SONGLIAO-MB0","pid":81425,"level":20,"msg":"Processed: \u001b[35msource/lib/velocity/velocity.ui.min.js\u001b[39m","time":"2017-04-03T02:45:52.132Z","v":0}
{"name":"hexo","hostname":"SONGLIAO-MB0","pid":81425,"level":20,"msg":"Processed: \u001b[35msource/lib/velocity/velocity.ui.js\u001b[39m","time":"2017-04-03T02:45:52.132Z","v":0}
{"name":"hexo","hostname":"SONGLIAO-MB0","pid":81425,"level":20,"msg":"Processed: \u001b[35msource/lib/jquery/index.js\u001b[39m","time":"2017-04-03T02:45:52.150Z","v":0}
{"name":"hexo","hostname":"SONGLIAO-MB0","pid":81425,"level":20,"msg":"Processed: \u001b[35mlayout/_custom/header.swig\u001b[39m","time":"2017-04-03T02:45:52.196Z","v":0}
{"name":"hexo","hostname":"SONGLIAO-MB0","pid":81425,"level":20,"msg":"Processed: \u001b[35mlayout/_custom/sidebar.swig\u001b[39m","time":"2017-04-03T02:45:52.196Z","v":0}
{"name":"hexo","hostname":"SONGLIAO-MB0","pid":81425,"level":20,"msg":"Processed: \u001b[35mlayout/_macro/post-collapse.swig\u001b[39m","time":"2017-04-03T02:45:52.196Z","v":0}
{"name":"hexo","hostname":"SONGLIAO-MB0","pid":81425,"level":20,"msg":"Processed: \u001b[35mlayout/_macro/post-copyright.swig\u001b[39m","time":"2017-04-03T02:45:52.196Z","v":0}
{"name":"hexo","hostname":"SONGLIAO-MB0","pid":81425,"level":20,"msg":"Processed: \u001b[35mlayout/_macro/reward.swig\u001b[39m","time":"2017-04-03T02:45:52.196Z","v":0}
{"name":"hexo","hostname":"SONGLIAO-MB0","pid":81425,"level":20,"msg":"Processed: \u001b[35mlayout/_partials/comments.swig\u001b[39m","time":"2017-04-03T02:45:52.196Z","v":0}
{"name":"hexo","hostname":"SONGLIAO-MB0","pid":81425,"level":20,"msg":"Processed: \u001b[35mlayout/_partials/footer.swig\u001b[39m","time":"2017-04-03T02:45:52.196Z","v":0}
{"name":"hexo","hostname":"SONGLIAO-MB0","pid":81425,"level":20,"msg":"Processed: \u001b[35mlayout/_macro/wechat-subscriber.swig\u001b[39m","time":"2017-04-03T02:45:52.196Z","v":0}
{"name":"hexo","hostname":"SONGLIAO-MB0","pid":81425,"level":20,"msg":"Processed: \u001b[35mlayout/_macro/sidebar.swig\u001b[39m","time":"2017-04-03T02:45:52.196Z","v":0}
{"name":"hexo","hostname":"SONGLIAO-MB0","pid":81425,"level":20,"msg":"Processed: \u001b[35mlayout/_macro/post.swig\u001b[39m","time":"2017-04-03T02:45:52.196Z","v":0}
{"name":"hexo","hostname":"SONGLIAO-MB0","pid":81425,"level":20,"msg":"Processed: \u001b[35mlayout/_partials/head.swig\u001b[39m","time":"2017-04-03T02:45:52.196Z","v":0}
{"name":"hexo","hostname":"SONGLIAO-MB0","pid":81425,"level":20,"msg":"Processed: \u001b[35mlayout/_partials/header.swig\u001b[39m","time":"2017-04-03T02:45:52.196Z","v":0}
{"name":"hexo","hostname":"SONGLIAO-MB0","pid":81425,"level":20,"msg":"Processed: \u001b[35mlayout/_partials/page-header.swig\u001b[39m","time":"2017-04-03T02:45:52.196Z","v":0}
{"name":"hexo","hostname":"SONGLIAO-MB0","pid":81425,"level":20,"msg":"Processed: \u001b[35mlayout/_partials/pagination.swig\u001b[39m","time":"2017-04-03T02:45:52.196Z","v":0}
{"name":"hexo","hostname":"SONGLIAO-MB0","pid":81425,"level":20,"msg":"Processed: \u001b[35mlayout/_partials/search.swig\u001b[39m","time":"2017-04-03T02:45:52.197Z","v":0}
{"name":"hexo","hostname":"SONGLIAO-MB0","pid":81425,"level":20,"msg":"Processed: \u001b[35mlayout/_third-party/duoshuo-hot-articles.swig\u001b[39m","time":"2017-04-03T02:45:52.197Z","v":0}
{"name":"hexo","hostname":"SONGLIAO-MB0","pid":81425,"level":20,"msg":"Processed: \u001b[35mlayout/_third-party/exturl.swig\u001b[39m","time":"2017-04-03T02:45:52.197Z","v":0}
{"name":"hexo","hostname":"SONGLIAO-MB0","pid":81425,"level":20,"msg":"Processed: \u001b[35mlayout/_third-party/mathjax.swig\u001b[39m","time":"2017-04-03T02:45:52.197Z","v":0}
{"name":"hexo","hostname":"SONGLIAO-MB0","pid":81425,"level":20,"msg":"Processed: \u001b[35mlayout/_third-party/schedule.swig\u001b[39m","time":"2017-04-03T02:45:52.197Z","v":0}
{"name":"hexo","hostname":"SONGLIAO-MB0","pid":81425,"level":20,"msg":"Processed: \u001b[35mlayout/_scripts/boostrap.swig\u001b[39m","time":"2017-04-03T02:45:52.197Z","v":0}
{"name":"hexo","hostname":"SONGLIAO-MB0","pid":81425,"level":20,"msg":"Processed: \u001b[35mlayout/_scripts/commons.swig\u001b[39m","time":"2017-04-03T02:45:52.197Z","v":0}
{"name":"hexo","hostname":"SONGLIAO-MB0","pid":81425,"level":20,"msg":"Processed: \u001b[35mlayout/_scripts/vendors.swig\u001b[39m","time":"2017-04-03T02:45:52.197Z","v":0}
{"name":"hexo","hostname":"SONGLIAO-MB0","pid":81425,"level":20,"msg":"Processed: \u001b[35msource/js/src/schemes/pisces.js\u001b[39m","time":"2017-04-03T02:45:52.199Z","v":0}
{"name":"hexo","hostname":"SONGLIAO-MB0","pid":81425,"level":20,"msg":"Processed: \u001b[35msource/lib/fancybox/source/blank.gif\u001b[39m","time":"2017-04-03T02:45:52.199Z","v":0}
{"name":"hexo","hostname":"SONGLIAO-MB0","pid":81425,"level":20,"msg":"Processed: \u001b[35msource/lib/fancybox/source/fancybox_loading.gif\u001b[39m","time":"2017-04-03T02:45:52.200Z","v":0}
{"name":"hexo","hostname":"SONGLIAO-MB0","pid":81425,"level":20,"msg":"Processed: \u001b[35msource/lib/fancybox/source/fancybox_loading@2x.gif\u001b[39m","time":"2017-04-03T02:45:52.200Z","v":0}
{"name":"hexo","hostname":"SONGLIAO-MB0","pid":81425,"level":20,"msg":"Processed: \u001b[35msource/lib/fancybox/source/fancybox_overlay.png\u001b[39m","time":"2017-04-03T02:45:52.200Z","v":0}
{"name":"hexo","hostname":"SONGLIAO-MB0","pid":81425,"level":20,"msg":"Processed: \u001b[35msource/lib/fancybox/source/fancybox_sprite.png\u001b[39m","time":"2017-04-03T02:45:52.200Z","v":0}
{"name":"hexo","hostname":"SONGLIAO-MB0","pid":81425,"level":20,"msg":"Processed: \u001b[35msource/lib/fancybox/source/fancybox_sprite@2x.png\u001b[39m","time":"2017-04-03T02:45:52.201Z","v":0}
{"name":"hexo","hostname":"SONGLIAO-MB0","pid":81425,"level":20,"msg":"Processed: \u001b[35msource/lib/fancybox/source/jquery.fancybox.css\u001b[39m","time":"2017-04-03T02:45:52.201Z","v":0}
{"name":"hexo","hostname":"SONGLIAO-MB0","pid":81425,"level":20,"msg":"Processed: \u001b[35msource/lib/fancybox/source/jquery.fancybox.js\u001b[39m","time":"2017-04-03T02:45:52.201Z","v":0}
{"name":"hexo","hostname":"SONGLIAO-MB0","pid":81425,"level":20,"msg":"Processed: \u001b[35msource/lib/fancybox/source/jquery.fancybox.pack.js\u001b[39m","time":"2017-04-03T02:45:52.201Z","v":0}
{"name":"hexo","hostname":"SONGLIAO-MB0","pid":81425,"level":20,"msg":"Processed: \u001b[35msource/lib/fastclick/lib/fastclick.js\u001b[39m","time":"2017-04-03T02:45:52.202Z","v":0}
{"name":"hexo","hostname":"SONGLIAO-MB0","pid":81425,"level":20,"msg":"Processed: \u001b[35msource/lib/fastclick/lib/fastclick.min.js\u001b[39m","time":"2017-04-03T02:45:52.202Z","v":0}
{"name":"hexo","hostname":"SONGLIAO-MB0","pid":81425,"level":20,"msg":"Processed: \u001b[35msource/lib/font-awesome/css/font-awesome.css\u001b[39m","time":"2017-04-03T02:45:52.202Z","v":0}
{"name":"hexo","hostname":"SONGLIAO-MB0","pid":81425,"level":20,"msg":"Processed: \u001b[35msource/lib/font-awesome/css/font-awesome.css.map\u001b[39m","time":"2017-04-03T02:45:52.202Z","v":0}
{"name":"hexo","hostname":"SONGLIAO-MB0","pid":81425,"level":20,"msg":"Processed: \u001b[35msource/lib/font-awesome/css/font-awesome.min.css\u001b[39m","time":"2017-04-03T02:45:52.202Z","v":0}
{"name":"hexo","hostname":"SONGLIAO-MB0","pid":81425,"level":20,"msg":"Processed: \u001b[35msource/lib/ua-parser-js/dist/ua-parser.min.js\u001b[39m","time":"2017-04-03T02:45:52.202Z","v":0}
{"name":"hexo","hostname":"SONGLIAO-MB0","pid":81425,"level":20,"msg":"Processed: \u001b[35msource/lib/ua-parser-js/dist/ua-parser.pack.js\u001b[39m","time":"2017-04-03T02:45:52.203Z","v":0}
{"name":"hexo","hostname":"SONGLIAO-MB0","pid":81425,"level":20,"msg":"Processed: \u001b[35mlayout/_scripts/schemes/mist.swig\u001b[39m","time":"2017-04-03T02:45:52.207Z","v":0}
{"name":"hexo","hostname":"SONGLIAO-MB0","pid":81425,"level":20,"msg":"Processed: \u001b[35mlayout/_scripts/schemes/muse.swig\u001b[39m","time":"2017-04-03T02:45:52.207Z","v":0}
{"name":"hexo","hostname":"SONGLIAO-MB0","pid":81425,"level":20,"msg":"Processed: \u001b[35msource/lib/font-awesome/fonts/fontawesome-webfont.woff\u001b[39m","time":"2017-04-03T02:45:52.208Z","v":0}
{"name":"hexo","hostname":"SONGLIAO-MB0","pid":81425,"level":20,"msg":"Processed: \u001b[35msource/lib/font-awesome/fonts/fontawesome-webfont.woff2\u001b[39m","time":"2017-04-03T02:45:52.208Z","v":0}
{"name":"hexo","hostname":"SONGLIAO-MB0","pid":81425,"level":20,"msg":"Processed: \u001b[35msource/lib/velocity/velocity.js\u001b[39m","time":"2017-04-03T02:45:52.208Z","v":0}
{"name":"hexo","hostname":"SONGLIAO-MB0","pid":81425,"level":20,"msg":"Processed: \u001b[35mlayout/_partials/head/external-fonts.swig\u001b[39m","time":"2017-04-03T02:45:52.239Z","v":0}
{"name":"hexo","hostname":"SONGLIAO-MB0","pid":81425,"level":20,"msg":"Processed: \u001b[35mlayout/_partials/head/custom-head.swig\u001b[39m","time":"2017-04-03T02:45:52.239Z","v":0}
{"name":"hexo","hostname":"SONGLIAO-MB0","pid":81425,"level":20,"msg":"Processed: \u001b[35mlayout/_partials/search/localsearch.swig\u001b[39m","time":"2017-04-03T02:45:52.239Z","v":0}
{"name":"hexo","hostname":"SONGLIAO-MB0","pid":81425,"level":20,"msg":"Processed: \u001b[35mlayout/_partials/search/swiftype.swig\u001b[39m","time":"2017-04-03T02:45:52.239Z","v":0}
{"name":"hexo","hostname":"SONGLIAO-MB0","pid":81425,"level":20,"msg":"Processed: \u001b[35mlayout/_partials/search/tinysou.swig\u001b[39m","time":"2017-04-03T02:45:52.239Z","v":0}
{"name":"hexo","hostname":"SONGLIAO-MB0","pid":81425,"level":20,"msg":"Processed: \u001b[35mlayout/_third-party/analytics/application-insights.swig\u001b[39m","time":"2017-04-03T02:45:52.239Z","v":0}
{"name":"hexo","hostname":"SONGLIAO-MB0","pid":81425,"level":20,"msg":"Processed: \u001b[35mlayout/_third-party/analytics/busuanzi-counter.swig\u001b[39m","time":"2017-04-03T02:45:52.239Z","v":0}
{"name":"hexo","hostname":"SONGLIAO-MB0","pid":81425,"level":20,"msg":"Processed: \u001b[35mlayout/_third-party/analytics/baidu-analytics.swig\u001b[39m","time":"2017-04-03T02:45:52.239Z","v":0}
{"name":"hexo","hostname":"SONGLIAO-MB0","pid":81425,"level":20,"msg":"Processed: \u001b[35mlayout/_third-party/analytics/cnzz-analytics.swig\u001b[39m","time":"2017-04-03T02:45:52.239Z","v":0}
{"name":"hexo","hostname":"SONGLIAO-MB0","pid":81425,"level":20,"msg":"Processed: \u001b[35mlayout/_third-party/analytics/facebook-sdk.swig\u001b[39m","time":"2017-04-03T02:45:52.239Z","v":0}
{"name":"hexo","hostname":"SONGLIAO-MB0","pid":81425,"level":20,"msg":"Processed: \u001b[35mlayout/_third-party/analytics/google-analytics.swig\u001b[39m","time":"2017-04-03T02:45:52.239Z","v":0}
{"name":"hexo","hostname":"SONGLIAO-MB0","pid":81425,"level":20,"msg":"Processed: \u001b[35mlayout/_third-party/analytics/index.swig\u001b[39m","time":"2017-04-03T02:45:52.239Z","v":0}
{"name":"hexo","hostname":"SONGLIAO-MB0","pid":81425,"level":20,"msg":"Processed: \u001b[35mlayout/_third-party/analytics/lean-analytics.swig\u001b[39m","time":"2017-04-03T02:45:52.239Z","v":0}
{"name":"hexo","hostname":"SONGLIAO-MB0","pid":81425,"level":20,"msg":"Processed: \u001b[35mlayout/_third-party/analytics/tencent-mta.swig\u001b[39m","time":"2017-04-03T02:45:52.239Z","v":0}
{"name":"hexo","hostname":"SONGLIAO-MB0","pid":81425,"level":20,"msg":"Processed: \u001b[35mlayout/_third-party/analytics/tencent-analytics.swig\u001b[39m","time":"2017-04-03T02:45:52.239Z","v":0}
{"name":"hexo","hostname":"SONGLIAO-MB0","pid":81425,"level":20,"msg":"Processed: \u001b[35mlayout/_third-party/analytics/vkontakte-api.swig\u001b[39m","time":"2017-04-03T02:45:52.239Z","v":0}
{"name":"hexo","hostname":"SONGLIAO-MB0","pid":81425,"level":20,"msg":"Processed: \u001b[35mlayout/_partials/share/add-this.swig\u001b[39m","time":"2017-04-03T02:45:52.239Z","v":0}
{"name":"hexo","hostname":"SONGLIAO-MB0","pid":81425,"level":20,"msg":"Processed: \u001b[35mlayout/_partials/share/baidushare.swig\u001b[39m","time":"2017-04-03T02:45:52.239Z","v":0}
{"name":"hexo","hostname":"SONGLIAO-MB0","pid":81425,"level":20,"msg":"Processed: \u001b[35mlayout/_partials/share/duoshuo_share.swig\u001b[39m","time":"2017-04-03T02:45:52.240Z","v":0}
{"name":"hexo","hostname":"SONGLIAO-MB0","pid":81425,"level":20,"msg":"Processed: \u001b[35mlayout/_partials/share/jiathis.swig\u001b[39m","time":"2017-04-03T02:45:52.240Z","v":0}
{"name":"hexo","hostname":"SONGLIAO-MB0","pid":81425,"level":20,"msg":"Processed: \u001b[35mlayout/_third-party/comments/changyan.swig\u001b[39m","time":"2017-04-03T02:45:52.240Z","v":0}
{"name":"hexo","hostname":"SONGLIAO-MB0","pid":81425,"level":20,"msg":"Processed: \u001b[35mlayout/_third-party/comments/disqus.swig\u001b[39m","time":"2017-04-03T02:45:52.240Z","v":0}
{"name":"hexo","hostname":"SONGLIAO-MB0","pid":81425,"level":20,"msg":"Processed: \u001b[35mlayout/_third-party/comments/gentie.swig\u001b[39m","time":"2017-04-03T02:45:52.240Z","v":0}
{"name":"hexo","hostname":"SONGLIAO-MB0","pid":81425,"level":20,"msg":"Processed: \u001b[35mlayout/_third-party/comments/duoshuo.swig\u001b[39m","time":"2017-04-03T02:45:52.240Z","v":0}
{"name":"hexo","hostname":"SONGLIAO-MB0","pid":81425,"level":20,"msg":"Processed: \u001b[35mlayout/_third-party/comments/hypercomments.swig\u001b[39m","time":"2017-04-03T02:45:52.240Z","v":0}
{"name":"hexo","hostname":"SONGLIAO-MB0","pid":81425,"level":20,"msg":"Processed: \u001b[35mlayout/_third-party/comments/index.swig\u001b[39m","time":"2017-04-03T02:45:52.240Z","v":0}
{"name":"hexo","hostname":"SONGLIAO-MB0","pid":81425,"level":20,"msg":"Processed: \u001b[35mlayout/_third-party/comments/livere.swig\u001b[39m","time":"2017-04-03T02:45:52.240Z","v":0}
{"name":"hexo","hostname":"SONGLIAO-MB0","pid":81425,"level":20,"msg":"Processed: \u001b[35mlayout/_third-party/comments/youyan.swig\u001b[39m","time":"2017-04-03T02:45:52.240Z","v":0}
{"name":"hexo","hostname":"SONGLIAO-MB0","pid":81425,"level":20,"msg":"Processed: \u001b[35mlayout/_third-party/search/index.swig\u001b[39m","time":"2017-04-03T02:45:52.240Z","v":0}
{"name":"hexo","hostname":"SONGLIAO-MB0","pid":81425,"level":20,"msg":"Processed: \u001b[35mlayout/_third-party/search/localsearch.swig\u001b[39m","time":"2017-04-03T02:45:52.240Z","v":0}
{"name":"hexo","hostname":"SONGLIAO-MB0","pid":81425,"level":20,"msg":"Processed: \u001b[35mlayout/_third-party/search/tinysou.swig\u001b[39m","time":"2017-04-03T02:45:52.240Z","v":0}
{"name":"hexo","hostname":"SONGLIAO-MB0","pid":81425,"level":20,"msg":"Processed: \u001b[35mlayout/_third-party/seo/baidu-push.swig\u001b[39m","time":"2017-04-03T02:45:52.240Z","v":0}
{"name":"hexo","hostname":"SONGLIAO-MB0","pid":81425,"level":20,"msg":"Processed: \u001b[35mlayout/_scripts/schemes/pisces.swig\u001b[39m","time":"2017-04-03T02:45:52.240Z","v":0}
{"name":"hexo","hostname":"SONGLIAO-MB0","pid":81425,"level":20,"msg":"Processed: \u001b[35mlayout/_scripts/pages/post-details.swig\u001b[39m","time":"2017-04-03T02:45:52.240Z","v":0}
{"name":"hexo","hostname":"SONGLIAO-MB0","pid":81425,"level":20,"msg":"Processed: \u001b[35msource/lib/fancybox/source/helpers/fancybox_buttons.png\u001b[39m","time":"2017-04-03T02:45:52.245Z","v":0}
{"name":"hexo","hostname":"SONGLIAO-MB0","pid":81425,"level":20,"msg":"Processed: \u001b[35msource/lib/fancybox/source/helpers/jquery.fancybox-buttons.css\u001b[39m","time":"2017-04-03T02:45:52.245Z","v":0}
{"name":"hexo","hostname":"SONGLIAO-MB0","pid":81425,"level":20,"msg":"Processed: \u001b[35msource/lib/fancybox/source/helpers/jquery.fancybox-buttons.js\u001b[39m","time":"2017-04-03T02:45:52.245Z","v":0}
{"name":"hexo","hostname":"SONGLIAO-MB0","pid":81425,"level":20,"msg":"Processed: \u001b[35msource/lib/fancybox/source/helpers/jquery.fancybox-media.js\u001b[39m","time":"2017-04-03T02:45:52.245Z","v":0}
{"name":"hexo","hostname":"SONGLIAO-MB0","pid":81425,"level":20,"msg":"Processed: \u001b[35msource/lib/fancybox/source/helpers/jquery.fancybox-thumbs.css\u001b[39m","time":"2017-04-03T02:45:52.245Z","v":0}
{"name":"hexo","hostname":"SONGLIAO-MB0","pid":81425,"level":20,"msg":"Processed: \u001b[35msource/lib/fancybox/source/helpers/jquery.fancybox-thumbs.js\u001b[39m","time":"2017-04-03T02:45:52.245Z","v":0}
{"name":"hexo","hostname":"SONGLIAO-MB0","pid":81425,"level":20,"msg":"Processed: \u001b[35msource/lib/font-awesome/fonts/fontawesome-webfont.eot\u001b[39m","time":"2017-04-03T02:45:52.246Z","v":0}
{"name":"hexo","hostname":"SONGLIAO-MB0","pid":81425,"level":20,"msg":"Processed: \u001b[35msource/lib/font-awesome/fonts/FontAwesome.otf\u001b[39m","time":"2017-04-03T02:45:52.246Z","v":0}
{"name":"hexo","hostname":"SONGLIAO-MB0","pid":81425,"level":20,"msg":"Processed: \u001b[35msource/lib/font-awesome/fonts/fontawesome-webfont.ttf\u001b[39m","time":"2017-04-03T02:45:52.246Z","v":0}
{"name":"hexo","hostname":"SONGLIAO-MB0","pid":81425,"level":20,"msg":"Processed: \u001b[35mlayout/_third-party/search/algolia-search/assets.swig\u001b[39m","time":"2017-04-03T02:45:52.249Z","v":0}
{"name":"hexo","hostname":"SONGLIAO-MB0","pid":81425,"level":20,"msg":"Processed: \u001b[35mlayout/_third-party/search/algolia-search/dom.swig\u001b[39m","time":"2017-04-03T02:45:52.249Z","v":0}
{"name":"hexo","hostname":"SONGLIAO-MB0","pid":81425,"level":20,"msg":"Processed: \u001b[35msource/lib/algolia-instant-search/instantsearch.min.js\u001b[39m","time":"2017-04-03T02:45:52.249Z","v":0}
{"name":"hexo","hostname":"SONGLIAO-MB0","pid":81425,"level":20,"msg":"Processed: \u001b[35msource/lib/three/three.min.js\u001b[39m","time":"2017-04-03T02:45:52.251Z","v":0}
{"name":"hexo","hostname":"SONGLIAO-MB0","pid":81425,"level":20,"msg":"Processed: \u001b[35msource/lib/font-awesome/fonts/fontawesome-webfont.svg\u001b[39m","time":"2017-04-03T02:45:52.252Z","v":0}
{"name":"hexo","hostname":"SONGLIAO-MB0","pid":81425,"level":20,"msg":"Generator: \u001b[35mpage\u001b[39m","time":"2017-04-03T02:45:52.423Z","v":0}
{"name":"hexo","hostname":"SONGLIAO-MB0","pid":81425,"level":20,"msg":"Generator: \u001b[35mpost\u001b[39m","time":"2017-04-03T02:45:52.423Z","v":0}
{"name":"hexo","hostname":"SONGLIAO-MB0","pid":81425,"level":20,"msg":"Generator: \u001b[35marchive\u001b[39m","time":"2017-04-03T02:45:52.423Z","v":0}
{"name":"hexo","hostname":"SONGLIAO-MB0","pid":81425,"level":20,"msg":"Generator: \u001b[35mcategory\u001b[39m","time":"2017-04-03T02:45:52.423Z","v":0}
{"name":"hexo","hostname":"SONGLIAO-MB0","pid":81425,"level":20,"msg":"Generator: \u001b[35mindex\u001b[39m","time":"2017-04-03T02:45:52.423Z","v":0}
{"name":"hexo","hostname":"SONGLIAO-MB0","pid":81425,"level":20,"msg":"Generator: \u001b[35mtag\u001b[39m","time":"2017-04-03T02:45:52.423Z","v":0}
{"name":"hexo","hostname":"SONGLIAO-MB0","pid":81425,"level":20,"msg":"Generator: \u001b[35masset\u001b[39m","time":"2017-04-03T02:45:52.424Z","v":0}
{"name":"hexo","hostname":"SONGLIAO-MB0","pid":81425,"level":30,"msg":"Hexo is running at \u001b[4mhttp://localhost:4000/\u001b[24m. Press Ctrl+C to stop.","time":"2017-04-03T02:45:52.428Z","v":0}
{"name":"hexo","hostname":"SONGLIAO-MB0","pid":81425,"level":20,"msg":"Database saved","time":"2017-04-03T02:45:52.435Z","v":0}
{"name":"hexo","hostname":"SONGLIAO-MB0","pid":81425,"level":20,"msg":"Rendering index: \u001b[35mindex.html\u001b[39m","time":"2017-04-03T02:45:54.755Z","v":0}
{"name":"hexo","hostname":"SONGLIAO-MB0","pid":81425,"level":20,"msg":"Rendering index: \u001b[35mindex.html\u001b[39m","time":"2017-04-03T02:58:34.518Z","v":0}
{"name":"hexo","hostname":"SONGLIAO-MB0","pid":81425,"level":30,"msg":"See you again","time":"2017-04-03T02:58:55.595Z","v":0}
{"name":"hexo","hostname":"SONGLIAO-MB0","pid":81425,"level":20,"msg":"Database saved","time":"2017-04-03T02:58:55.608Z","v":0}
